C:\USERS\JOSHUA\DOCUMENTS\VISUAL STUDIO 2010\PROJECTS\C++ CLR TEST\CPPHELPER1\RELEASE\.NETFRAMEWORK,VERSION=V4.0.ASSEMBLYATTRIBUTES.OBJ
C:\USERS\JOSHUA\DOCUMENTS\VISUAL STUDIO 2010\PROJECTS\C++ CLR TEST\CPPHELPER1\RELEASE\APP.RES
C:\USERS\JOSHUA\DOCUMENTS\VISUAL STUDIO 2010\PROJECTS\C++ CLR TEST\CPPHELPER1\RELEASE\ASSEMBLYINFO.OBJ
C:\Users\Joshua\Documents\Visual Studio 2010\Projects\C++ CLR Test\CppHelper1\Release\cl.command.1.tlog
C:\Users\Joshua\Documents\Visual Studio 2010\Projects\C++ CLR Test\CppHelper1\Release\CL.read.1.tlog
C:\Users\Joshua\Documents\Visual Studio 2010\Projects\C++ CLR Test\CppHelper1\Release\CL.write.1.tlog
C:\USERS\JOSHUA\DOCUMENTS\VISUAL STUDIO 2010\PROJECTS\C++ CLR TEST\CPPHELPER1\RELEASE\CPPHELPER1.DLL.INTERMEDIATE.MANIFEST
C:\USERS\JOSHUA\DOCUMENTS\VISUAL STUDIO 2010\PROJECTS\C++ CLR TEST\CPPHELPER1\RELEASE\CPPHELPER1.OBJ
C:\USERS\JOSHUA\DOCUMENTS\VISUAL STUDIO 2010\PROJECTS\C++ CLR TEST\CPPHELPER1\RELEASE\CPPHELPER1.PCH
C:\Users\Joshua\Documents\Visual Studio 2010\Projects\C++ CLR Test\CppHelper1\Release\CppHelper1.write.1.tlog
C:\USERS\JOSHUA\DOCUMENTS\VISUAL STUDIO 2010\PROJECTS\C++ CLR TEST\CPPHELPER1\RELEASE\INIT.OBJ
C:\Users\Joshua\Documents\Visual Studio 2010\Projects\C++ CLR Test\CppHelper1\Release\link.command.1.tlog
C:\Users\Joshua\Documents\Visual Studio 2010\Projects\C++ CLR Test\CppHelper1\Release\link.read.1.tlog
C:\Users\Joshua\Documents\Visual Studio 2010\Projects\C++ CLR Test\CppHelper1\Release\link.write.1.tlog
C:\Users\Joshua\Documents\Visual Studio 2010\Projects\C++ CLR Test\CppHelper1\Release\link-cvtres.read.1.tlog
C:\Users\Joshua\Documents\Visual Studio 2010\Projects\C++ CLR Test\CppHelper1\Release\link-cvtres.write.1.tlog
C:\Users\Joshua\Documents\Visual Studio 2010\Projects\C++ CLR Test\CppHelper1\Release\metagen.read.1.tlog
C:\Users\Joshua\Documents\Visual Studio 2010\Projects\C++ CLR Test\CppHelper1\Release\metagen.write.1.tlog
C:\Users\Joshua\Documents\Visual Studio 2010\Projects\C++ CLR Test\CppHelper1\Release\mt.command.1.tlog
C:\Users\Joshua\Documents\Visual Studio 2010\Projects\C++ CLR Test\CppHelper1\Release\mt.read.1.tlog
C:\Users\Joshua\Documents\Visual Studio 2010\Projects\C++ CLR Test\CppHelper1\Release\mt.write.1.tlog
C:\Users\Joshua\Documents\Visual Studio 2010\Projects\C++ CLR Test\CppHelper1\Release\rc.command.1.tlog
C:\Users\Joshua\Documents\Visual Studio 2010\Projects\C++ CLR Test\CppHelper1\Release\rc.read.1.tlog
C:\Users\Joshua\Documents\Visual Studio 2010\Projects\C++ CLR Test\CppHelper1\Release\rc.write.1.tlog
C:\Users\Joshua\Documents\Visual Studio 2010\Projects\C++ CLR Test\CppHelper1\Release\RSAENH.DLL.bi
C:\USERS\JOSHUA\DOCUMENTS\VISUAL STUDIO 2010\PROJECTS\C++ CLR TEST\CPPHELPER1\RELEASE\STDAFX.OBJ
C:\Users\Joshua\Documents\Visual Studio 2010\Projects\C++ CLR Test\CppHelper1\Release\TZRES.DLL.bi
C:\USERS\JOSHUA\DOCUMENTS\VISUAL STUDIO 2010\PROJECTS\C++ CLR TEST\CPPHELPER1\RELEASE\VC100.PDB
C:\USERS\JOSHUA\DOCUMENTS\VISUAL STUDIO 2010\PROJECTS\C++ CLR TEST\RELEASE\CPPHELPER1.DLL
C:\Users\Joshua\Documents\Visual Studio 2010\Projects\C++ CLR Test\Release\CppHelper1.exp
C:\Users\Joshua\Documents\Visual Studio 2010\Projects\C++ CLR Test\Release\CppHelper1.lib
C:\USERS\JOSHUA\DOCUMENTS\VISUAL STUDIO 2010\PROJECTS\C++ CLR TEST\RELEASE\CPPHELPER1.PDB
